d:\program files\autodesk\fbx\fbx sdk\2020.2.1\samples\fbxpreprocessor1\build\importscene.dir\debug\vc142.pdb
d:\program files\autodesk\fbx\fbx sdk\2020.2.1\samples\fbxpreprocessor1\build\importscene.dir\debug\vertex.obj
d:\program files\autodesk\fbx\fbx sdk\2020.2.1\samples\fbxpreprocessor1\build\importscene.dir\debug\vector3.obj
d:\program files\autodesk\fbx\fbx sdk\2020.2.1\samples\fbxpreprocessor1\build\importscene.dir\debug\vector2.obj
d:\program files\autodesk\fbx\fbx sdk\2020.2.1\samples\fbxpreprocessor1\build\importscene.dir\debug\polygon.obj
d:\program files\autodesk\fbx\fbx sdk\2020.2.1\samples\fbxpreprocessor1\build\importscene.dir\debug\plane.obj
d:\program files\autodesk\fbx\fbx sdk\2020.2.1\samples\fbxpreprocessor1\build\importscene.dir\debug\meshbuilder.obj
d:\program files\autodesk\fbx\fbx sdk\2020.2.1\samples\fbxpreprocessor1\build\importscene.dir\debug\mesh.obj
d:\program files\autodesk\fbx\fbx sdk\2020.2.1\samples\fbxpreprocessor1\build\importscene.dir\debug\matrix4.obj
d:\program files\autodesk\fbx\fbx sdk\2020.2.1\samples\fbxpreprocessor1\build\importscene.dir\debug\math.obj
d:\program files\autodesk\fbx\fbx sdk\2020.2.1\samples\fbxpreprocessor1\build\importscene.dir\debug\main.obj
d:\program files\autodesk\fbx\fbx sdk\2020.2.1\samples\fbxpreprocessor1\build\importscene.dir\debug\fbxmeshbuilder.obj
d:\program files\autodesk\fbx\fbx sdk\2020.2.1\samples\fbxpreprocessor1\build\importscene.dir\debug\common.obj
d:\program files\autodesk\fbx\fbx sdk\2020.2.1\samples\fbxpreprocessor1\build\importscene.dir\debug\color.obj
d:\program files\autodesk\fbx\fbx sdk\2020.2.1\samples\fbxpreprocessor1\build\importscene.dir\debug\bspmeshslicer.obj
d:\program files\autodesk\fbx\fbx sdk\2020.2.1\samples\fbxpreprocessor1\build\importscene.dir\debug\bsp.obj
d:\program files\autodesk\fbx\fbx sdk\2020.2.1\samples\fbxpreprocessor1\build\importscene.dir\debug\argument.obj
d:\program files\autodesk\fbx\fbx sdk\2020.2.1\samples\fbxpreprocessor1\build\importscene.dir\debug\aabb.obj
d:\program files\autodesk\fbx\fbx sdk\2020.2.1\samples\importscene\build\cmakefiles\generate.stamp
d:\program files\autodesk\fbx\fbx sdk\2020.2.1\bin\vs2017-mt\debug\importscene.exe
d:\program files\autodesk\fbx\fbx sdk\2020.2.1\bin\vs2017-mt\debug\importscene.ilk
d:\program files\autodesk\fbx\fbx sdk\2020.2.1\bin\vs2017-mt\debug\importscene.pdb
d:\program files\autodesk\fbx\fbx sdk\2020.2.1\samples\fbxpreprocessor1\build\importscene.dir\debug\importscene.tlog\cl.command.1.tlog
d:\program files\autodesk\fbx\fbx sdk\2020.2.1\samples\fbxpreprocessor1\build\importscene.dir\debug\importscene.tlog\cl.read.1.tlog
d:\program files\autodesk\fbx\fbx sdk\2020.2.1\samples\fbxpreprocessor1\build\importscene.dir\debug\importscene.tlog\cl.write.1.tlog
d:\program files\autodesk\fbx\fbx sdk\2020.2.1\samples\fbxpreprocessor1\build\importscene.dir\debug\importscene.tlog\custombuild.command.1.tlog
d:\program files\autodesk\fbx\fbx sdk\2020.2.1\samples\fbxpreprocessor1\build\importscene.dir\debug\importscene.tlog\custombuild.read.1.tlog
d:\program files\autodesk\fbx\fbx sdk\2020.2.1\samples\fbxpreprocessor1\build\importscene.dir\debug\importscene.tlog\custombuild.write.1.tlog
d:\program files\autodesk\fbx\fbx sdk\2020.2.1\samples\fbxpreprocessor1\build\importscene.dir\debug\importscene.tlog\link.command.1.tlog
d:\program files\autodesk\fbx\fbx sdk\2020.2.1\samples\fbxpreprocessor1\build\importscene.dir\debug\importscene.tlog\link.read.1.tlog
d:\program files\autodesk\fbx\fbx sdk\2020.2.1\samples\fbxpreprocessor1\build\importscene.dir\debug\importscene.tlog\link.write.1.tlog
