  FBXMeshBuilder.cxx
..\FBXMeshBuilder.cxx(127,40): warning C4267: 'argument': conversion from 'size_t' to 'int', possible loss of data
..\FBXMeshBuilder.cxx(132,41): warning C4267: 'argument': conversion from 'size_t' to 'int', possible loss of data
..\FBXMeshBuilder.cxx(137,37): warning C4267: 'argument': conversion from 'size_t' to 'int', possible loss of data
..\FBXMeshBuilder.cxx(142,42): warning C4267: 'argument': conversion from 'size_t' to 'int', possible loss of data
..\FBXMeshBuilder.cxx(147,43): warning C4267: 'argument': conversion from 'size_t' to 'int', possible loss of data
..\FBXMeshBuilder.cxx(180,43): warning C4267: 'argument': conversion from 'size_t' to 'int', possible loss of data
..\FBXMeshBuilder.cxx(181,33): warning C4267: 'argument': conversion from 'size_t' to 'int', possible loss of data
..\FBXMeshBuilder.cxx(181,46): warning C4267: 'argument': conversion from 'size_t' to 'int', possible loss of data
..\FBXMeshBuilder.cxx(207,43): warning C4267: 'argument': conversion from 'size_t' to 'int', possible loss of data
..\FBXMeshBuilder.cxx(208,33): warning C4267: 'argument': conversion from 'size_t' to 'int', possible loss of data
..\FBXMeshBuilder.cxx(208,46): warning C4267: 'argument': conversion from 'size_t' to 'int', possible loss of data
..\FBXMeshBuilder.cxx(235,43): warning C4267: 'argument': conversion from 'size_t' to 'int', possible loss of data
..\FBXMeshBuilder.cxx(236,33): warning C4267: 'argument': conversion from 'size_t' to 'int', possible loss of data
..\FBXMeshBuilder.cxx(236,46): warning C4267: 'argument': conversion from 'size_t' to 'int', possible loss of data
..\FBXMeshBuilder.cxx(233,6): warning C4189: 'v': local variable is initialized but not referenced
..\FBXMeshBuilder.cxx(263,43): warning C4267: 'argument': conversion from 'size_t' to 'int', possible loss of data
..\FBXMeshBuilder.cxx(264,33): warning C4267: 'argument': conversion from 'size_t' to 'int', possible loss of data
..\FBXMeshBuilder.cxx(264,46): warning C4267: 'argument': conversion from 'size_t' to 'int', possible loss of data
..\FBXMeshBuilder.cxx(290,43): warning C4267: 'argument': conversion from 'size_t' to 'int', possible loss of data
..\FBXMeshBuilder.cxx(291,33): warning C4267: 'argument': conversion from 'size_t' to 'int', possible loss of data
..\FBXMeshBuilder.cxx(291,46): warning C4267: 'argument': conversion from 'size_t' to 'int', possible loss of data
..\FBXMeshBuilder.cxx(318,43): warning C4267: 'argument': conversion from 'size_t' to 'int', possible loss of data
..\FBXMeshBuilder.cxx(319,33): warning C4267: 'argument': conversion from 'size_t' to 'int', possible loss of data
..\FBXMeshBuilder.cxx(319,46): warning C4267: 'argument': conversion from 'size_t' to 'int', possible loss of data
..\FBXMeshBuilder.cxx(331,42): warning C4267: 'argument': conversion from 'size_t' to 'int', possible loss of data
..\FBXMeshBuilder.cxx(333,43): warning C4267: 'argument': conversion from 'size_t' to 'int', possible loss of data
..\FBXMeshBuilder.cxx(348,57): warning C4267: 'argument': conversion from 'size_t' to 'int', possible loss of data
..\FBXMeshBuilder.cxx(346,11): warning C4189: 'srcMesh': local variable is initialized but not referenced
..\FBXMeshBuilder.cxx(26,1): warning C4267: '=': conversion from 'size_t' to 'int', possible loss of data
..\FBXMeshBuilder.cxx(18): message : while compiling class template member function 'void VertexBatcher<Vector3>::Add(const T &)'
          with
          [
              T=Vector3
          ]
..\FBXMeshBuilder.cxx(236): message : see reference to function template instantiation 'void VertexBatcher<Vector3>::Add(const T &)' being compiled
          with
          [
              T=Vector3
          ]
..\FBXMeshBuilder.cxx(232): message : see reference to class template instantiation 'VertexBatcher<Vector3>' being compiled
..\FBXMeshBuilder.cxx(40,1): warning C4267: 'initializing': conversion from 'size_t' to 'int', possible loss of data
  ImportScene.vcxproj -> D:\Program Files\Autodesk\FBX\FBX SDK\2020.2.1\bin\vs2017-mt\Debug\ImportScene.exe
